<?xml version="1.0" encoding="UTF-8"?>
<coverage generated="1742242861135" clover="3.2.0">
  <project timestamp="1742242861135" name="All files">
    <metrics statements="23" coveredstatements="19" conditionals="10" coveredconditionals="7" methods="12" coveredmethods="7" elements="45" coveredelements="33" complexity="0" loc="23" ncloc="23" packages="1" files="1" classes="1"/>
    <file name="page.tsx" path="/Users/arnabsom/Documents/react-examples/test/github-pr-list/app/page.tsx">
      <metrics statements="23" coveredstatements="19" conditionals="10" coveredconditionals="7" methods="12" coveredmethods="7"/>
      <line num="2" count="1" type="stmt"/>
      <line num="3" count="1" type="stmt"/>
      <line num="7" count="1" type="stmt"/>
      <line num="8" count="4" type="stmt"/>
      <line num="9" count="4" type="stmt"/>
      <line num="10" count="4" type="stmt"/>
      <line num="11" count="4" type="stmt"/>
      <line num="13" count="4" type="stmt"/>
      <line num="14" count="3" type="stmt"/>
      <line num="16" count="3" type="cond" truecount="1" falsecount="0"/>
      <line num="17" count="6" type="stmt"/>
      <line num="22" count="9" type="stmt"/>
      <line num="24" count="3" type="stmt"/>
      <line num="26" count="3" type="stmt"/>
      <line num="29" count="0" type="stmt"/>
      <line num="30" count="0" type="stmt"/>
      <line num="34" count="4" type="stmt"/>
      <line num="39" count="4" type="cond" truecount="1" falsecount="1"/>
      <line num="41" count="0" type="stmt"/>
      <line num="45" count="4" type="stmt"/>
      <line num="54" count="0" type="stmt"/>
      <line num="79" count="2" type="stmt"/>
      <line num="86" count="3" type="stmt"/>
    </file>
  </project>
</coverage>
