{"/Users/arnabsom/Documents/react-examples/test/github-pr-list/app/page.tsx": {"path":"/Users/arnabsom/Documents/react-examples/test/github-pr-list/app/page.tsx","statementMap":{"0":{"start":{"line":7,"column":0},"end":{"line":7,"column":24}},"1":{"start":{"line":2,"column":0},"end":{"line":2,"column":51}},"2":{"start":{"line":3,"column":0},"end":{"line":3,"column":40}},"3":{"start":{"line":8,"column":40},"end":{"line":8,"column":65}},"4":{"start":{"line":9,"column":32},"end":{"line":9,"column":55}},"5":{"start":{"line":10,"column":28},"end":{"line":10,"column":57}},"6":{"start":{"line":11,"column":38},"end":{"line":11,"column":58}},"7":{"start":{"line":13,"column":2},"end":{"line":32,"column":9}},"8":{"start":{"line":14,"column":4},"end":{"line":31,"column":9}},"9":{"start":{"line":16,"column":8},"end":{"line":25,"column":9}},"10":{"start":{"line":17,"column":38},"end":{"line":23,"column":13}},"11":{"start":{"line":17,"column":67},"end":{"line":23,"column":12}},"12":{"start":{"line":22,"column":46},"end":{"line":22,"column":52}},"13":{"start":{"line":24,"column":10},"end":{"line":24,"column":34}},"14":{"start":{"line":26,"column":8},"end":{"line":26,"column":26}},"15":{"start":{"line":29,"column":8},"end":{"line":29,"column":30}},"16":{"start":{"line":30,"column":8},"end":{"line":30,"column":26}},"17":{"start":{"line":34,"column":23},"end":{"line":37,"column":3}},"18":{"start":{"line":39,"column":22},"end":{"line":43,"column":16}},"19":{"start":{"line":41,"column":8},"end":{"line":41,"column":96}},"20":{"start":{"line":41,"column":41},"end":{"line":41,"column":95}},"21":{"start":{"line":45,"column":2},"end":{"line":108,"column":4}},"22":{"start":{"line":54,"column":27},"end":{"line":54,"column":56}},"23":{"start":{"line":79,"column":14},"end":{"line":79,"column":30}},"24":{"start":{"line":86,"column":20},"end":{"line":87,"column":null}}},"fnMap":{"0":{"name":"Home","decl":{"start":{"line":7,"column":24},"end":{"line":7,"column":28}},"loc":{"start":{"line":7,"column":28},"end":{"line":109,"column":1}}},"1":{"name":"(anonymous_1)","decl":{"start":{"line":13,"column":12},"end":{"line":13,"column":15}},"loc":{"start":{"line":13,"column":17},"end":{"line":32,"column":3}}},"2":{"name":"(anonymous_2)","decl":{"start":{"line":15,"column":12},"end":{"line":15,"column":13}},"loc":{"start":{"line":15,"column":21},"end":{"line":27,"column":7}}},"3":{"name":"(anonymous_3)","decl":{"start":{"line":17,"column":47},"end":{"line":17,"column":48}},"loc":{"start":{"line":17,"column":67},"end":{"line":23,"column":12}}},"4":{"name":"(anonymous_4)","decl":{"start":{"line":22,"column":34},"end":{"line":22,"column":35}},"loc":{"start":{"line":22,"column":46},"end":{"line":22,"column":52}}},"5":{"name":"(anonymous_5)","decl":{"start":{"line":28,"column":13},"end":{"line":28,"column":14}},"loc":{"start":{"line":28,"column":21},"end":{"line":31,"column":7}}},"6":{"name":"(anonymous_6)","decl":{"start":{"line":34,"column":23},"end":{"line":34,"column":26}},"loc":{"start":{"line":34,"column":28},"end":{"line":37,"column":3}}},"7":{"name":"(anonymous_7)","decl":{"start":{"line":40,"column":24},"end":{"line":40,"column":25}},"loc":{"start":{"line":41,"column":8},"end":{"line":41,"column":96}}},"8":{"name":"(anonymous_8)","decl":{"start":{"line":41,"column":23},"end":{"line":41,"column":24}},"loc":{"start":{"line":41,"column":41},"end":{"line":41,"column":95}}},"9":{"name":"(anonymous_9)","decl":{"start":{"line":54,"column":20},"end":{"line":54,"column":21}},"loc":{"start":{"line":54,"column":27},"end":{"line":54,"column":56}}},"10":{"name":"(anonymous_10)","decl":{"start":{"line":78,"column":29},"end":{"line":78,"column":30}},"loc":{"start":{"line":79,"column":14},"end":{"line":79,"column":30}}},"11":{"name":"(anonymous_11)","decl":{"start":{"line":85,"column":33},"end":{"line":85,"column":34}},"loc":{"start":{"line":86,"column":20},"end":{"line":87,"column":null}}}},"branchMap":{"0":{"loc":{"start":{"line":16,"column":8},"end":{"line":25,"column":9}},"type":"if","locations":[{"start":{"line":16,"column":8},"end":{"line":25,"column":9}}]},"1":{"loc":{"start":{"line":39,"column":22},"end":{"line":43,"column":16}},"type":"cond-expr","locations":[{"start":{"line":40,"column":6},"end":{"line":41,"column":null}},{"start":{"line":43,"column":6},"end":{"line":43,"column":16}}]},"2":{"loc":{"start":{"line":65,"column":7},"end":{"line":65,"column":77}},"type":"binary-expr","locations":[{"start":{"line":65,"column":7},"end":{"line":65,"column":14}},{"start":{"line":65,"column":18},"end":{"line":65,"column":77}}]},"3":{"loc":{"start":{"line":66,"column":7},"end":{"line":66,"column":74}},"type":"binary-expr","locations":[{"start":{"line":66,"column":7},"end":{"line":66,"column":12}},{"start":{"line":66,"column":16},"end":{"line":66,"column":74}}]},"4":{"loc":{"start":{"line":97,"column":13},"end":{"line":102,"column":null}},"type":"binary-expr","locations":[{"start":{"line":97,"column":13},"end":{"line":97,"column":37}},{"start":{"line":97,"column":41},"end":{"line":97,"column":49}},{"start":{"line":98,"column":14},"end":{"line":101,"column":null}}]}},"s":{"0":1,"1":1,"2":1,"3":4,"4":4,"5":4,"6":4,"7":4,"8":3,"9":3,"10":3,"11":6,"12":9,"13":3,"14":3,"15":0,"16":0,"17":4,"18":4,"19":0,"20":0,"21":4,"22":0,"23":2,"24":3},"f":{"0":4,"1":3,"2":3,"3":6,"4":9,"5":0,"6":0,"7":0,"8":0,"9":0,"10":2,"11":3},"b":{"0":[3],"1":[0,4],"2":[4,3],"3":[4,0],"4":[4,3,0]}}
}
