TN:
SF:app/page.tsx
FN:7,Home
FN:13,(anonymous_1)
FN:15,(anonymous_2)
FN:17,(anonymous_3)
FN:22,(anonymous_4)
FN:28,(anonymous_5)
FN:34,(anonymous_6)
FN:40,(anonymous_7)
FN:41,(anonymous_8)
FN:54,(anonymous_9)
FN:78,(anonymous_10)
FN:85,(anonymous_11)
FNF:12
FNH:7
FNDA:5,Home
FNDA:4,(anonymous_1)
FNDA:4,(anonymous_2)
FNDA:8,(anonymous_3)
FNDA:12,(anonymous_4)
FNDA:0,(anonymous_5)
FNDA:0,(anonymous_6)
FNDA:0,(anonymous_7)
FNDA:0,(anonymous_8)
FNDA:0,(anonymous_9)
FNDA:2,(anonymous_10)
FNDA:3,(anonymous_11)
DA:2,1
DA:3,1
DA:7,1
DA:8,5
DA:9,5
DA:10,5
DA:11,5
DA:13,5
DA:14,4
DA:16,4
DA:17,8
DA:22,12
DA:24,4
DA:26,4
DA:29,0
DA:30,0
DA:34,5
DA:39,5
DA:41,0
DA:45,5
DA:54,0
DA:79,2
DA:86,3
LF:23
LH:19
BRDA:16,0,0,4
BRDA:39,1,0,0
BRDA:39,1,1,5
BRDA:65,2,0,5
BRDA:65,2,1,4
BRDA:66,3,0,5
BRDA:66,3,1,0
BRDA:97,4,0,5
BRDA:97,4,1,4
BRDA:97,4,2,0
BRF:10
BRH:7
end_of_record
